<?xml version="1.0" encoding="UTF-8"?>
<testng-results ignored="0" total="8" passed="8" failed="0" skipped="0">
  <reporter-output>
  </reporter-output>
  <suite started-at="2019-08-18T12:46:00Z" name="MavenDummy" finished-at="2019-08-18T12:46:00Z" duration-ms="52">
    <groups>
    </groups>
    <test started-at="2019-08-18T12:46:00Z" name="Test" finished-at="2019-08-18T12:46:00Z" duration-ms="52">
      <class name="com.amdocs.pack.TestClass2">
        <test-method signature="div()[pri:0, instance:com.amdocs.pack.TestClass2@1372ed45]" started-at="2019-08-18T12:46:00Z" name="div" finished-at="2019-08-18T12:46:00Z" duration-ms="0" status="PASS">
          <reporter-output>
          </reporter-output>
        </test-method> <!-- div -->
        <test-method signature="mult()[pri:0, instance:com.amdocs.pack.TestClass2@1372ed45]" started-at="2019-08-18T12:46:00Z" name="mult" finished-at="2019-08-18T12:46:00Z" duration-ms="4" status="PASS">
          <reporter-output>
          </reporter-output>
        </test-method> <!-- mult -->
        <test-method signature="sum()[pri:0, instance:com.amdocs.pack.TestClass2@1372ed45]" started-at="2019-08-18T12:46:00Z" name="sum" finished-at="2019-08-18T12:46:00Z" duration-ms="0" status="PASS">
          <reporter-output>
          </reporter-output>
        </test-method> <!-- sum -->
        <test-method signature="sub()[pri:0, instance:com.amdocs.pack.TestClass2@1372ed45]" started-at="2019-08-18T12:46:00Z" name="sub" finished-at="2019-08-18T12:46:00Z" duration-ms="0" status="PASS">
          <reporter-output>
          </reporter-output>
        </test-method> <!-- sub -->
      </class> <!-- com.amdocs.pack.TestClass2 -->
      <class name="com.amdocs.pack.TestClass">
        <test-method signature="div()[pri:0, instance:com.amdocs.pack.TestClass@3444d69d]" started-at="2019-08-18T12:46:00Z" name="div" finished-at="2019-08-18T12:46:00Z" duration-ms="12" status="PASS">
          <reporter-output>
          </reporter-output>
        </test-method> <!-- div -->
        <test-method signature="sub()[pri:0, instance:com.amdocs.pack.TestClass@3444d69d]" started-at="2019-08-18T12:46:00Z" name="sub" finished-at="2019-08-18T12:46:00Z" duration-ms="0" status="PASS">
          <reporter-output>
          </reporter-output>
        </test-method> <!-- sub -->
        <test-method signature="mult()[pri:0, instance:com.amdocs.pack.TestClass@3444d69d]" started-at="2019-08-18T12:46:00Z" name="mult" finished-at="2019-08-18T12:46:00Z" duration-ms="0" status="PASS">
          <reporter-output>
          </reporter-output>
        </test-method> <!-- mult -->
        <test-method signature="sum()[pri:0, instance:com.amdocs.pack.TestClass@3444d69d]" started-at="2019-08-18T12:46:00Z" name="sum" finished-at="2019-08-18T12:46:00Z" duration-ms="0" status="PASS">
          <reporter-output>
          </reporter-output>
        </test-method> <!-- sum -->
      </class> <!-- com.amdocs.pack.TestClass -->
    </test> <!-- Test -->
  </suite> <!-- MavenDummy -->
</testng-results>
