<?xml version="1.0" encoding="UTF-8"?>
<testng-results ignored="0" total="4" passed="4" failed="0" skipped="0">
  <reporter-output>
  </reporter-output>
  <suite started-at="2019-08-18T10:17:28Z" name="Default suite" finished-at="2019-08-18T10:17:28Z" duration-ms="158">
    <groups>
    </groups>
    <test started-at="2019-08-18T10:17:28Z" name="Default test" finished-at="2019-08-18T10:17:28Z" duration-ms="158">
      <class name="com.amdocs.pack.TestClass">
        <test-method signature="div()[pri:0, instance:com.amdocs.pack.TestClass@14a2f921]" started-at="2019-08-18T10:17:28Z" name="div" finished-at="2019-08-18T10:17:28Z" duration-ms="42" status="PASS">
          <reporter-output>
          </reporter-output>
        </test-method> <!-- div -->
        <test-method signature="mult()[pri:0, instance:com.amdocs.pack.TestClass@14a2f921]" started-at="2019-08-18T10:17:28Z" name="mult" finished-at="2019-08-18T10:17:28Z" duration-ms="8" status="PASS">
          <reporter-output>
          </reporter-output>
        </test-method> <!-- mult -->
        <test-method signature="sub()[pri:0, instance:com.amdocs.pack.TestClass@14a2f921]" started-at="2019-08-18T10:17:28Z" name="sub" finished-at="2019-08-18T10:17:28Z" duration-ms="12" status="PASS">
          <reporter-output>
          </reporter-output>
        </test-method> <!-- sub -->
        <test-method signature="sum()[pri:0, instance:com.amdocs.pack.TestClass@14a2f921]" started-at="2019-08-18T10:17:28Z" name="sum" finished-at="2019-08-18T10:17:28Z" duration-ms="0" status="PASS">
          <reporter-output>
          </reporter-output>
        </test-method> <!-- sum -->
      </class> <!-- com.amdocs.pack.TestClass -->
    </test> <!-- Default test -->
  </suite> <!-- Default suite -->
</testng-results>
