<?xml version="1.0" encoding="UTF-8"?>
<!-- Generated by org.testng.reporters.JUnitXMLReporter -->
<testsuite ignored="0" hostname="DESKTOP-GE6RJF5" failures="0" tests="4" name="Default test" time="0.158" errors="0" timestamp="18 Aug 2019 10:17:28 GMT">
  <testcase classname="com.amdocs.pack.TestClass" name="div" time="0.042"/>
  <testcase classname="com.amdocs.pack.TestClass" name="mult" time="0.008"/>
  <testcase classname="com.amdocs.pack.TestClass" name="sub" time="0.012"/>
  <testcase classname="com.amdocs.pack.TestClass" name="sum" time="0.0"/>
</testsuite> <!-- Default test -->
