<?xml version="1.0" encoding="UTF-8"?>
<!-- Generated by org.testng.reporters.JUnitXMLReporter -->
<testsuite ignored="0" hostname="DESKTOP-GE6RJF5" failures="0" tests="8" name="Test" time="0.052" errors="0" timestamp="18 Aug 2019 12:46:00 GMT">
  <testcase classname="com.amdocs.pack.TestClass" name="div" time="0.012"/>
  <testcase classname="com.amdocs.pack.TestClass" name="mult" time="0.0"/>
  <testcase classname="com.amdocs.pack.TestClass" name="sub" time="0.0"/>
  <testcase classname="com.amdocs.pack.TestClass" name="sum" time="0.0"/>
  <testcase classname="com.amdocs.pack.TestClass2" name="div" time="0.0"/>
  <testcase classname="com.amdocs.pack.TestClass2" name="mult" time="0.004"/>
  <testcase classname="com.amdocs.pack.TestClass2" name="sub" time="0.0"/>
  <testcase classname="com.amdocs.pack.TestClass2" name="sum" time="0.0"/>
</testsuite> <!-- Test -->
